<?xml version="1.0" encoding="UTF-8"?>
<!-- Generated by org.testng.reporters.JUnitReportReporter -->
<testsuite hostname="DESKTOP-FOKO1P1" failures="0" tests="1" name="QA_Brain_Security.PassiveScan" time="36.276" errors="0" timestamp="2024-10-02T11:50:32 BDT" skipped="0">
  <testcase classname="QA_Brain_Security.PassiveScan" name="testPassiveScan" time="36.276"/>
  <system-out/>
</testsuite> <!-- QA_Brain_Security.PassiveScan -->
