<?xml version="1.0" encoding="UTF-8"?>
<!-- Generated by org.testng.reporters.JUnitReportReporter -->
<testsuite hostname="DESKTOP-FOKO1P1" failures="0" tests="1" name="QA_Brain_Security.ZapTest" time="28.331" errors="0" timestamp="2024-08-13T13:24:36 BDT" skipped="0">
  <testcase classname="QA_Brain_Security.ZapTest" name="testActiveScan" time="28.331"/>
  <system-out/>
</testsuite> <!-- QA_Brain_Security.ZapTest -->
