<?xml version="1.0" encoding="UTF-8"?>
<!-- Generated by org.testng.reporters.JUnitReportReporter -->
<testsuite hostname="DESKTOP-FOKO1P1" failures="0" tests="1" name="QA_Brain_Security.ActiveScan" time="91.004" errors="0" timestamp="2024-10-02T11:55:05 BDT" skipped="0">
  <testcase classname="QA_Brain_Security.ActiveScan" name="testActiveScan" time="91.004"/>
  <system-out/>
</testsuite> <!-- QA_Brain_Security.ActiveScan -->
